Using pre-set license
Built from '2020.3/release' branch; Version is '2020.3.1f1 (77a89f25062f) revision 7841951'; Using compiler version '192528614'; Build Type 'Release'
OS: 'Windows 10 Home Single Language; OS build 19043.1348; Version 2009; 64bit' Language: 'es' Physical Memory: 7103 MB
BatchMode: 1, IsHumanControllingUs: 0, StartBugReporterOnCrash: 0, Is64bit: 1, IsPro: 0

 COMMAND LINE ARGUMENTS:
C:\Program Files\Unity\Hub\Editor\2020.3.1f1\Editor\Unity.exe
-adb2
-batchMode
-noUpm
-name
AssetImportWorker0
-projectPath
C:/Users/Carlos/Documents/Unity/Laberinto
-logFile
Logs/AssetImportWorker0.log
-srvPort
57342
Successfully changed project path to: C:/Users/Carlos/Documents/Unity/Laberinto
C:/Users/Carlos/Documents/Unity/Laberinto
Using Asset Import Pipeline V2.
Refreshing native plugins compatible for Editor in 93.00 ms, found 0 plugins.
Preloading 0 native plugins for Editor in 0.00 ms.
Initialize engine version: 2020.3.1f1 (77a89f25062f)
[Subsystems] Discovering subsystems at path C:/Program Files/Unity/Hub/Editor/2020.3.1f1/Editor/Data/Resources/UnitySubsystems
[Subsystems] Discovering subsystems at path C:/Users/Carlos/Documents/Unity/Laberinto/Assets
GfxDevice: creating device client; threaded=0
Direct3D:
    Version:  Direct3D 11.0 [level 11.1]
    Renderer: AMD Radeon(TM) R5 Graphics (ID=0x9851)
    Vendor:   
    VRAM:     3551 MB
    Driver:   27.20.1034.6
Initialize mono
Mono path[0] = 'C:/Program Files/Unity/Hub/Editor/2020.3.1f1/Editor/Data/Managed'
Mono path[1] = 'C:/Program Files/Unity/Hub/Editor/2020.3.1f1/Editor/Data/MonoBleedingEdge/lib/mono/unityjit'
Mono config path = 'C:/Program Files/Unity/Hub/Editor/2020.3.1f1/Editor/Data/MonoBleedingEdge/etc'
Using monoOptions --debugger-agent=transport=dt_socket,embedding=1,server=y,suspend=n,address=127.0.0.1:56416
Begin MonoManager ReloadAssembly
Registering precompiled unity dll's ...
Register platform support module: C:/Program Files/Unity/Hub/Editor/2020.3.1f1/Editor/Data/PlaybackEngines/WebGLSupport/UnityEditor.WebGL.Extensions.dll
Register platform support module: C:/Program Files/Unity/Hub/Editor/2020.3.1f1/Editor/Data/PlaybackEngines/WindowsStandaloneSupport/UnityEditor.WindowsStandalone.Extensions.dll
Registered in 0.014528 seconds.
Native extension for WindowsStandalone target not found
Native extension for WebGL target not found
Refreshing native plugins compatible for Editor in 131.36 ms, found 0 plugins.
Preloading 0 native plugins for Editor in 0.00 ms.
Invoked RoslynAnalysisRunner static constructor.
RoslynAnalysisRunner will not be running.
RoslynAnalysisRunner has terminated.
Mono: successfully reloaded assembly
- Completed reload, in  4.573 seconds
Platform modules already initialized, skipping
Registering precompiled user dll's ...
Registered in 0.002805 seconds.
Begin MonoManager ReloadAssembly
Native extension for WindowsStandalone target not found
Native extension for WebGL target not found
Refreshing native plugins compatible for Editor in 0.65 ms, found 0 plugins.
Preloading 0 native plugins for Editor in 0.00 ms.
Invoked RoslynAnalysisRunner static constructor.
RoslynAnalysisRunner will not be running.
RoslynAnalysisRunner has terminated.
Mono: successfully reloaded assembly
- Completed reload, in  3.215 seconds
Platform modules already initialized, skipping
========================================================================
Worker process is ready to serve import requests
Launched and connected shader compiler UnityShaderCompiler.exe after 0.16 seconds
Refreshing native plugins compatible for Editor in 0.75 ms, found 0 plugins.
Preloading 0 native plugins for Editor in 0.00 ms.
Unloading 1113 Unused Serialized files (Serialized files now loaded: 0)
System memory in use before: 57.0 MB.
System memory in use after: 57.0 MB.

Unloading 10 unused Assets to reduce memory usage. Loaded Objects now: 1555.
Total: 5.663300 ms (FindLiveObjects: 0.539400 ms CreateObjectMapping: 0.221800 ms MarkObjects: 4.665400 ms  DeleteObjects: 0.232700 ms)

========================================================================
Received Import Request.
  path: Assets/Scripts
  artifactKey: Guid(842a40e8f96ddd342abfd24d1b50bc4e) Importer(815301076,1909f56bfc062723c751e8b465ee728b)
Start importing Assets/Scripts using Guid(842a40e8f96ddd342abfd24d1b50bc4e) Importer(815301076,1909f56bfc062723c751e8b465ee728b)  -> (artifact id: 'bb19bac798cf5dc52809666ac2f0b1b2') in 0.015216 seconds
  Import took 0.020939 seconds .

========================================================================
Received Import Request.
  Time since last request: 69.971189 seconds.
  path: Assets
  artifactKey: Guid(00000000000000001000000000000000) Importer(815301076,1909f56bfc062723c751e8b465ee728b)
Start importing Assets using Guid(00000000000000001000000000000000) Importer(815301076,1909f56bfc062723c751e8b465ee728b)  -> (artifact id: 'a6374019befeac6ce670f13ba9960efb') in 0.018249 seconds
  Import took 0.030428 seconds .

========================================================================
Received Import Request.
  Time since last request: 11.398467 seconds.
  path: Assets/personaje.mat
  artifactKey: Guid(82fbce0cf78f15a45a3b5f77bffb9c43) Importer(815301076,1909f56bfc062723c751e8b465ee728b)
Start importing Assets/personaje.mat using Guid(82fbce0cf78f15a45a3b5f77bffb9c43) Importer(815301076,1909f56bfc062723c751e8b465ee728b)  -> (artifact id: 'e7cc4f664ee0fe64a77f51735f00e562') in 0.478922 seconds
  Import took 0.485208 seconds .

========================================================================
Received Import Request.
  Time since last request: 10.190185 seconds.
  path: Assets/Material
  artifactKey: Guid(32c112cc5e453a34da1ade9cb33a8944) Importer(815301076,1909f56bfc062723c751e8b465ee728b)
Start importing Assets/Material using Guid(32c112cc5e453a34da1ade9cb33a8944) Importer(815301076,1909f56bfc062723c751e8b465ee728b)  -> (artifact id: '685764158b0e60a187abb156f57db5f8') in 0.013947 seconds
  Import took 0.021336 seconds .

========================================================================
Received Import Request.
  Time since last request: 78.103208 seconds.
  path: Assets/Scripts/Movimiento.cs
  artifactKey: Guid(838ff2164c119f949b3880e18a118b5e) Importer(815301076,1909f56bfc062723c751e8b465ee728b)
Start importing Assets/Scripts/Movimiento.cs using Guid(838ff2164c119f949b3880e18a118b5e) Importer(815301076,1909f56bfc062723c751e8b465ee728b)  -> (artifact id: 'a5190d13cd80d8bef2b701eac236bd9c') in 0.072280 seconds
  Import took 0.080969 seconds .

========================================================================
Received Import Request.
  Time since last request: 0.008125 seconds.
  path: Assets/Scripts/Movimiento.cs
  artifactKey: Guid(838ff2164c119f949b3880e18a118b5e) Importer(815301076,1909f56bfc062723c751e8b465ee728b)
Start importing Assets/Scripts/Movimiento.cs using Guid(838ff2164c119f949b3880e18a118b5e) Importer(815301076,1909f56bfc062723c751e8b465ee728b)  -> (artifact id: 'a5190d13cd80d8bef2b701eac236bd9c') in 0.011915 seconds
  Import took 0.030397 seconds .

========================================================================
Received Prepare
Registering precompiled user dll's ...
Registered in 0.003074 seconds.
Begin MonoManager ReloadAssembly
Native extension for WindowsStandalone target not found
Native extension for WebGL target not found
Refreshing native plugins compatible for Editor in 0.63 ms, found 0 plugins.
Preloading 0 native plugins for Editor in 0.00 ms.
Invoked RoslynAnalysisRunner static constructor.
RoslynAnalysisRunner will not be running.
RoslynAnalysisRunner has terminated.
Mono: successfully reloaded assembly
- Completed reload, in  2.669 seconds
Platform modules already initialized, skipping
Refreshing native plugins compatible for Editor in 0.60 ms, found 0 plugins.
Preloading 0 native plugins for Editor in 0.00 ms.
Unloading 1109 Unused Serialized files (Serialized files now loaded: 0)
System memory in use before: 60.3 MB.
System memory in use after: 60.4 MB.

Unloading 5 unused Assets to reduce memory usage. Loaded Objects now: 1599.
Total: 4.791700 ms (FindLiveObjects: 0.481000 ms CreateObjectMapping: 0.091300 ms MarkObjects: 4.075200 ms  DeleteObjects: 0.140600 ms)

========================================================================
Received Import Request.
  Time since last request: 386.539963 seconds.
  path: Assets/Scripts/Movimiento.cs
  artifactKey: Guid(838ff2164c119f949b3880e18a118b5e) Importer(815301076,1909f56bfc062723c751e8b465ee728b)
Start importing Assets/Scripts/Movimiento.cs using Guid(838ff2164c119f949b3880e18a118b5e) Importer(815301076,1909f56bfc062723c751e8b465ee728b)  -> (artifact id: '44e4ee6f39d79017e7f4d6c45faf9919') in 0.033165 seconds
  Import took 0.056924 seconds .

========================================================================
Received Import Request.
  Time since last request: 0.021727 seconds.
  path: Assets/Scripts/Movimiento.cs
  artifactKey: Guid(838ff2164c119f949b3880e18a118b5e) Importer(815301076,1909f56bfc062723c751e8b465ee728b)
Start importing Assets/Scripts/Movimiento.cs using Guid(838ff2164c119f949b3880e18a118b5e) Importer(815301076,1909f56bfc062723c751e8b465ee728b)  -> (artifact id: '44e4ee6f39d79017e7f4d6c45faf9919') in 0.017763 seconds
  Import took 0.027815 seconds .

========================================================================
Received Import Request.
  Time since last request: 29.821180 seconds.
  path: Assets/Scripts/Movimiento.cs
  artifactKey: Guid(838ff2164c119f949b3880e18a118b5e) Importer(815301076,1909f56bfc062723c751e8b465ee728b)
Start importing Assets/Scripts/Movimiento.cs using Guid(838ff2164c119f949b3880e18a118b5e) Importer(815301076,1909f56bfc062723c751e8b465ee728b)  -> (artifact id: '7e11b2f49fd62da0170a61af06726e34') in 0.048731 seconds
  Import took 0.067048 seconds .

========================================================================
Received Prepare
Registering precompiled user dll's ...
Registered in 0.004061 seconds.
Begin MonoManager ReloadAssembly
Native extension for WindowsStandalone target not found
Native extension for WebGL target not found
Refreshing native plugins compatible for Editor in 0.72 ms, found 0 plugins.
Preloading 0 native plugins for Editor in 0.00 ms.
Invoked RoslynAnalysisRunner static constructor.
RoslynAnalysisRunner will not be running.
RoslynAnalysisRunner has terminated.
Mono: successfully reloaded assembly
- Completed reload, in  3.558 seconds
Platform modules already initialized, skipping
Refreshing native plugins compatible for Editor in 0.63 ms, found 0 plugins.
Preloading 0 native plugins for Editor in 0.00 ms.
Unloading 1109 Unused Serialized files (Serialized files now loaded: 0)
System memory in use before: 60.4 MB.
System memory in use after: 60.4 MB.

Unloading 5 unused Assets to reduce memory usage. Loaded Objects now: 1602.
Total: 6.069400 ms (FindLiveObjects: 0.616500 ms CreateObjectMapping: 0.181900 ms MarkObjects: 5.099400 ms  DeleteObjects: 0.165700 ms)

========================================================================
Received Import Request.
  Time since last request: 35.949365 seconds.
  path: Assets/Scripts/Movimiento.cs
  artifactKey: Guid(838ff2164c119f949b3880e18a118b5e) Importer(815301076,1909f56bfc062723c751e8b465ee728b)
Start importing Assets/Scripts/Movimiento.cs using Guid(838ff2164c119f949b3880e18a118b5e) Importer(815301076,1909f56bfc062723c751e8b465ee728b)  -> (artifact id: '5be78f2ff519924be574600dfdc1e397') in 0.015006 seconds
  Import took 0.021628 seconds .

========================================================================
Received Prepare
Registering precompiled user dll's ...
Registered in 0.002943 seconds.
Begin MonoManager ReloadAssembly
Native extension for WindowsStandalone target not found
Native extension for WebGL target not found
Refreshing native plugins compatible for Editor in 0.64 ms, found 0 plugins.
Preloading 0 native plugins for Editor in 0.00 ms.
Invoked RoslynAnalysisRunner static constructor.
RoslynAnalysisRunner will not be running.
RoslynAnalysisRunner has terminated.
Mono: successfully reloaded assembly
- Completed reload, in  2.993 seconds
Platform modules already initialized, skipping
Refreshing native plugins compatible for Editor in 0.62 ms, found 0 plugins.
Preloading 0 native plugins for Editor in 0.00 ms.
Unloading 1110 Unused Serialized files (Serialized files now loaded: 0)
System memory in use before: 60.4 MB.
System memory in use after: 60.5 MB.

Unloading 5 unused Assets to reduce memory usage. Loaded Objects now: 1606.
Total: 5.552900 ms (FindLiveObjects: 0.701800 ms CreateObjectMapping: 0.176500 ms MarkObjects: 4.490800 ms  DeleteObjects: 0.177000 ms)

========================================================================
Received Import Request.
  Time since last request: 452.931558 seconds.
  path: Assets/Scripts/Camara.cs
  artifactKey: Guid(d04ba04e86194a94cb0d6ae449c33a2e) Importer(815301076,1909f56bfc062723c751e8b465ee728b)
Start importing Assets/Scripts/Camara.cs using Guid(d04ba04e86194a94cb0d6ae449c33a2e) Importer(815301076,1909f56bfc062723c751e8b465ee728b)  -> (artifact id: '901747c17bf78d9ea44d05da8e2c2dd0') in 0.016012 seconds
  Import took 0.022665 seconds .

========================================================================
Received Prepare
Registering precompiled user dll's ...
Registered in 0.002703 seconds.
Begin MonoManager ReloadAssembly
Native extension for WindowsStandalone target not found
Native extension for WebGL target not found
Refreshing native plugins compatible for Editor in 0.79 ms, found 0 plugins.
Preloading 0 native plugins for Editor in 0.00 ms.
Invoked RoslynAnalysisRunner static constructor.
RoslynAnalysisRunner will not be running.
RoslynAnalysisRunner has terminated.
Mono: successfully reloaded assembly
- Completed reload, in  6.063 seconds
Platform modules already initialized, skipping
Refreshing native plugins compatible for Editor in 0.77 ms, found 0 plugins.
Preloading 0 native plugins for Editor in 0.00 ms.
Unloading 1110 Unused Serialized files (Serialized files now loaded: 0)
System memory in use before: 60.4 MB.
System memory in use after: 60.5 MB.

Unloading 5 unused Assets to reduce memory usage. Loaded Objects now: 1609.
Total: 7.307700 ms (FindLiveObjects: 1.041200 ms CreateObjectMapping: 0.399400 ms MarkObjects: 5.625700 ms  DeleteObjects: 0.235000 ms)

========================================================================
Received Prepare
Registering precompiled user dll's ...
Registered in 0.003013 seconds.
Begin MonoManager ReloadAssembly
Native extension for WindowsStandalone target not found
Native extension for WebGL target not found
Refreshing native plugins compatible for Editor in 0.66 ms, found 0 plugins.
Preloading 0 native plugins for Editor in 0.00 ms.
Invoked RoslynAnalysisRunner static constructor.
RoslynAnalysisRunner will not be running.
RoslynAnalysisRunner has terminated.
Mono: successfully reloaded assembly
- Completed reload, in  3.633 seconds
Platform modules already initialized, skipping
Refreshing native plugins compatible for Editor in 0.66 ms, found 0 plugins.
Preloading 0 native plugins for Editor in 0.00 ms.
Unloading 1110 Unused Serialized files (Serialized files now loaded: 0)
System memory in use before: 60.4 MB.
System memory in use after: 60.5 MB.

Unloading 5 unused Assets to reduce memory usage. Loaded Objects now: 1612.
Total: 6.178700 ms (FindLiveObjects: 0.514200 ms CreateObjectMapping: 0.106200 ms MarkObjects: 5.384400 ms  DeleteObjects: 0.168500 ms)

========================================================================
Received Import Request.
  Time since last request: 94.137076 seconds.
  path: Assets/Scripts/Camara.cs
  artifactKey: Guid(d04ba04e86194a94cb0d6ae449c33a2e) Importer(815301076,1909f56bfc062723c751e8b465ee728b)
Start importing Assets/Scripts/Camara.cs using Guid(d04ba04e86194a94cb0d6ae449c33a2e) Importer(815301076,1909f56bfc062723c751e8b465ee728b)  -> (artifact id: '4d54c0dad044c22e82a4501ce193afd8') in 0.022872 seconds
  Import took 0.032823 seconds .

========================================================================
Received Prepare
Registering precompiled user dll's ...
Registered in 0.004730 seconds.
Begin MonoManager ReloadAssembly
Native extension for WindowsStandalone target not found
Native extension for WebGL target not found
Refreshing native plugins compatible for Editor in 0.61 ms, found 0 plugins.
Preloading 0 native plugins for Editor in 0.00 ms.
Invoked RoslynAnalysisRunner static constructor.
RoslynAnalysisRunner will not be running.
RoslynAnalysisRunner has terminated.
Mono: successfully reloaded assembly
- Completed reload, in  2.814 seconds
Platform modules already initialized, skipping
Refreshing native plugins compatible for Editor in 0.65 ms, found 0 plugins.
Preloading 0 native plugins for Editor in 0.00 ms.
Unloading 1110 Unused Serialized files (Serialized files now loaded: 0)
System memory in use before: 60.4 MB.
System memory in use after: 60.5 MB.

Unloading 5 unused Assets to reduce memory usage. Loaded Objects now: 1615.
Total: 5.621300 ms (FindLiveObjects: 0.507400 ms CreateObjectMapping: 0.109200 ms MarkObjects: 4.867500 ms  DeleteObjects: 0.132400 ms)

========================================================================
Received Import Request.
  Time since last request: 207.586962 seconds.
  path: Assets/Scripts/ControladorJugador.cs
  artifactKey: Guid(838ff2164c119f949b3880e18a118b5e) Importer(815301076,1909f56bfc062723c751e8b465ee728b)
Start importing Assets/Scripts/ControladorJugador.cs using Guid(838ff2164c119f949b3880e18a118b5e) Importer(815301076,1909f56bfc062723c751e8b465ee728b)  -> (artifact id: 'c8de3f9b8a5fbe73a8653fb0ecb60767') in 0.014810 seconds
  Import took 0.020568 seconds .

========================================================================
Received Prepare
Registering precompiled user dll's ...
Registered in 0.002593 seconds.
Begin MonoManager ReloadAssembly
Native extension for WindowsStandalone target not found
Native extension for WebGL target not found
Refreshing native plugins compatible for Editor in 0.63 ms, found 0 plugins.
Preloading 0 native plugins for Editor in 0.00 ms.
Invoked RoslynAnalysisRunner static constructor.
RoslynAnalysisRunner will not be running.
RoslynAnalysisRunner has terminated.
Mono: successfully reloaded assembly
- Completed reload, in  3.077 seconds
Platform modules already initialized, skipping
Refreshing native plugins compatible for Editor in 0.62 ms, found 0 plugins.
Preloading 0 native plugins for Editor in 0.00 ms.
Unloading 1110 Unused Serialized files (Serialized files now loaded: 0)
System memory in use before: 60.4 MB.
System memory in use after: 60.5 MB.

Unloading 5 unused Assets to reduce memory usage. Loaded Objects now: 1618.
Total: 4.966700 ms (FindLiveObjects: 0.535200 ms CreateObjectMapping: 0.095800 ms MarkObjects: 4.189700 ms  DeleteObjects: 0.142200 ms)

========================================================================
Received Prepare
Registering precompiled user dll's ...
Registered in 0.002696 seconds.
Begin MonoManager ReloadAssembly
Native extension for WindowsStandalone target not found
Native extension for WebGL target not found
Refreshing native plugins compatible for Editor in 0.62 ms, found 0 plugins.
Preloading 0 native plugins for Editor in 0.00 ms.
Invoked RoslynAnalysisRunner static constructor.
RoslynAnalysisRunner will not be running.
RoslynAnalysisRunner has terminated.
Mono: successfully reloaded assembly
- Completed reload, in  3.155 seconds
Platform modules already initialized, skipping
Refreshing native plugins compatible for Editor in 0.63 ms, found 0 plugins.
Preloading 0 native plugins for Editor in 0.00 ms.
Unloading 1110 Unused Serialized files (Serialized files now loaded: 0)
System memory in use before: 60.4 MB.
System memory in use after: 60.5 MB.

Unloading 5 unused Assets to reduce memory usage. Loaded Objects now: 1621.
Total: 4.873000 ms (FindLiveObjects: 0.468800 ms CreateObjectMapping: 0.092900 ms MarkObjects: 4.168900 ms  DeleteObjects: 0.138100 ms)

========================================================================
Received Import Request.
  Time since last request: 55.897352 seconds.
  path: Assets/Scripts/ControladorJugador.cs
  artifactKey: Guid(838ff2164c119f949b3880e18a118b5e) Importer(815301076,1909f56bfc062723c751e8b465ee728b)
Start importing Assets/Scripts/ControladorJugador.cs using Guid(838ff2164c119f949b3880e18a118b5e) Importer(815301076,1909f56bfc062723c751e8b465ee728b)  -> (artifact id: 'dbf518dab3b4bbe80b6a5b4550869409') in 0.013533 seconds
  Import took 0.018970 seconds .

========================================================================
Received Import Request.
  Time since last request: 1038.930100 seconds.
  path: ProjectSettings/TagManager.asset
  artifactKey: Guid(00000000000000003000000000000000) Importer(815301076,1909f56bfc062723c751e8b465ee728b)
Start importing ProjectSettings/TagManager.asset using Guid(00000000000000003000000000000000) Importer(815301076,1909f56bfc062723c751e8b465ee728b)  -> (artifact id: '4e1ade904f8483502412a943970edefa') in 0.070555 seconds
  Import took 0.079418 seconds .

========================================================================
Received Prepare
Registering precompiled user dll's ...
Registered in 0.002641 seconds.
Begin MonoManager ReloadAssembly
Native extension for WindowsStandalone target not found
Native extension for WebGL target not found
Refreshing native plugins compatible for Editor in 0.63 ms, found 0 plugins.
Preloading 0 native plugins for Editor in 0.00 ms.
Invoked RoslynAnalysisRunner static constructor.
RoslynAnalysisRunner will not be running.
RoslynAnalysisRunner has terminated.
Mono: successfully reloaded assembly
- Completed reload, in  2.886 seconds
Platform modules already initialized, skipping
Refreshing native plugins compatible for Editor in 0.60 ms, found 0 plugins.
Preloading 0 native plugins for Editor in 0.00 ms.
Unloading 1110 Unused Serialized files (Serialized files now loaded: 0)
System memory in use before: 60.4 MB.
System memory in use after: 60.5 MB.

Unloading 6 unused Assets to reduce memory usage. Loaded Objects now: 1624.
Total: 5.292600 ms (FindLiveObjects: 0.719400 ms CreateObjectMapping: 0.195900 ms MarkObjects: 4.201600 ms  DeleteObjects: 0.171800 ms)

========================================================================
Received Prepare
Registering precompiled user dll's ...
Registered in 0.003085 seconds.
Begin MonoManager ReloadAssembly
Native extension for WindowsStandalone target not found
Native extension for WebGL target not found
Refreshing native plugins compatible for Editor in 0.61 ms, found 0 plugins.
Preloading 0 native plugins for Editor in 0.00 ms.
Invoked RoslynAnalysisRunner static constructor.
RoslynAnalysisRunner will not be running.
RoslynAnalysisRunner has terminated.
Mono: successfully reloaded assembly
- Completed reload, in  2.555 seconds
Platform modules already initialized, skipping
Refreshing native plugins compatible for Editor in 0.60 ms, found 0 plugins.
Preloading 0 native plugins for Editor in 0.00 ms.
Unloading 1111 Unused Serialized files (Serialized files now loaded: 0)
System memory in use before: 60.5 MB.
System memory in use after: 60.5 MB.

Unloading 5 unused Assets to reduce memory usage. Loaded Objects now: 1628.
Total: 8.635200 ms (FindLiveObjects: 0.525500 ms CreateObjectMapping: 0.114900 ms MarkObjects: 7.847400 ms  DeleteObjects: 0.142500 ms)

========================================================================
Received Import Request.
  Time since last request: 626.251537 seconds.
  path: Assets/Scripts/Rotador.cs
  artifactKey: Guid(85dfc2fae4adc944b80e05a6002c0984) Importer(815301076,1909f56bfc062723c751e8b465ee728b)
Start importing Assets/Scripts/Rotador.cs using Guid(85dfc2fae4adc944b80e05a6002c0984) Importer(815301076,1909f56bfc062723c751e8b465ee728b)  -> (artifact id: '00ce53345861c3cce4c636da769d9692') in 0.015637 seconds
  Import took 0.021607 seconds .

========================================================================
Received Prepare
Registering precompiled user dll's ...
Registered in 0.002552 seconds.
Begin MonoManager ReloadAssembly
Native extension for WindowsStandalone target not found
Native extension for WebGL target not found
Refreshing native plugins compatible for Editor in 0.94 ms, found 0 plugins.
Preloading 0 native plugins for Editor in 0.00 ms.
Invoked RoslynAnalysisRunner static constructor.
RoslynAnalysisRunner will not be running.
RoslynAnalysisRunner has terminated.
Mono: successfully reloaded assembly
- Completed reload, in  5.278 seconds
Platform modules already initialized, skipping
Refreshing native plugins compatible for Editor in 0.61 ms, found 0 plugins.
Preloading 0 native plugins for Editor in 0.00 ms.
Unloading 1111 Unused Serialized files (Serialized files now loaded: 0)
System memory in use before: 60.5 MB.
System memory in use after: 60.5 MB.

Unloading 5 unused Assets to reduce memory usage. Loaded Objects now: 1631.
Total: 5.736600 ms (FindLiveObjects: 1.101900 ms CreateObjectMapping: 0.174500 ms MarkObjects: 4.299900 ms  DeleteObjects: 0.153400 ms)

========================================================================
Received Prepare
Registering precompiled user dll's ...
Registered in 0.003887 seconds.
Begin MonoManager ReloadAssembly
Native extension for WindowsStandalone target not found
Native extension for WebGL target not found
Refreshing native plugins compatible for Editor in 0.62 ms, found 0 plugins.
Preloading 0 native plugins for Editor in 0.00 ms.
Invoked RoslynAnalysisRunner static constructor.
RoslynAnalysisRunner will not be running.
RoslynAnalysisRunner has terminated.
Mono: successfully reloaded assembly
- Completed reload, in  3.178 seconds
Platform modules already initialized, skipping
Refreshing native plugins compatible for Editor in 0.62 ms, found 0 plugins.
Preloading 0 native plugins for Editor in 0.00 ms.
Unloading 1111 Unused Serialized files (Serialized files now loaded: 0)
System memory in use before: 60.5 MB.
System memory in use after: 60.5 MB.

Unloading 5 unused Assets to reduce memory usage. Loaded Objects now: 1634.
Total: 6.214300 ms (FindLiveObjects: 0.554600 ms CreateObjectMapping: 0.100700 ms MarkObjects: 5.401700 ms  DeleteObjects: 0.153900 ms)

========================================================================
Received Import Request.
  Time since last request: 86.755256 seconds.
  path: Assets/Scripts/Rotador.cs
  artifactKey: Guid(85dfc2fae4adc944b80e05a6002c0984) Importer(815301076,1909f56bfc062723c751e8b465ee728b)
Start importing Assets/Scripts/Rotador.cs using Guid(85dfc2fae4adc944b80e05a6002c0984) Importer(815301076,1909f56bfc062723c751e8b465ee728b)  -> (artifact id: 'bbfc457fb19df9e652e5c95aa5752bbe') in 0.034599 seconds
  Import took 0.067178 seconds .

========================================================================
Received Import Request.
  Time since last request: 0.010421 seconds.
  path: Assets/Scripts/Rotador.cs
  artifactKey: Guid(85dfc2fae4adc944b80e05a6002c0984) Importer(815301076,1909f56bfc062723c751e8b465ee728b)
Start importing Assets/Scripts/Rotador.cs using Guid(85dfc2fae4adc944b80e05a6002c0984) Importer(815301076,1909f56bfc062723c751e8b465ee728b)  -> (artifact id: 'bbfc457fb19df9e652e5c95aa5752bbe') in 0.017113 seconds
  Import took 0.027407 seconds .

========================================================================
Received Prepare
Registering precompiled user dll's ...
Registered in 0.004622 seconds.
Begin MonoManager ReloadAssembly
Native extension for WindowsStandalone target not found
Native extension for WebGL target not found
Refreshing native plugins compatible for Editor in 0.62 ms, found 0 plugins.
Preloading 0 native plugins for Editor in 0.00 ms.
Invoked RoslynAnalysisRunner static constructor.
RoslynAnalysisRunner will not be running.
RoslynAnalysisRunner has terminated.
Mono: successfully reloaded assembly
- Completed reload, in  2.964 seconds
Platform modules already initialized, skipping
Refreshing native plugins compatible for Editor in 0.59 ms, found 0 plugins.
Preloading 0 native plugins for Editor in 0.00 ms.
Unloading 1111 Unused Serialized files (Serialized files now loaded: 0)
System memory in use before: 60.5 MB.
System memory in use after: 60.6 MB.

Unloading 5 unused Assets to reduce memory usage. Loaded Objects now: 1637.
Total: 4.860800 ms (FindLiveObjects: 0.484300 ms CreateObjectMapping: 0.092100 ms MarkObjects: 4.135300 ms  DeleteObjects: 0.145100 ms)

========================================================================
Received Prepare
Registering precompiled user dll's ...
Registered in 0.002631 seconds.
Begin MonoManager ReloadAssembly
Native extension for WindowsStandalone target not found
Native extension for WebGL target not found
Refreshing native plugins compatible for Editor in 0.61 ms, found 0 plugins.
Preloading 0 native plugins for Editor in 0.00 ms.
Invoked RoslynAnalysisRunner static constructor.
RoslynAnalysisRunner will not be running.
RoslynAnalysisRunner has terminated.
Mono: successfully reloaded assembly
- Completed reload, in  2.675 seconds
Platform modules already initialized, skipping
Refreshing native plugins compatible for Editor in 0.60 ms, found 0 plugins.
Preloading 0 native plugins for Editor in 0.00 ms.
Unloading 1111 Unused Serialized files (Serialized files now loaded: 0)
System memory in use before: 60.5 MB.
System memory in use after: 60.6 MB.

Unloading 5 unused Assets to reduce memory usage. Loaded Objects now: 1640.
Total: 4.995400 ms (FindLiveObjects: 0.473900 ms CreateObjectMapping: 0.090000 ms MarkObjects: 4.279300 ms  DeleteObjects: 0.148200 ms)

========================================================================
Received Prepare
Registering precompiled user dll's ...
Registered in 0.003732 seconds.
Begin MonoManager ReloadAssembly
Native extension for WindowsStandalone target not found
Native extension for WebGL target not found
Refreshing native plugins compatible for Editor in 0.62 ms, found 0 plugins.
Preloading 0 native plugins for Editor in 0.00 ms.
Invoked RoslynAnalysisRunner static constructor.
RoslynAnalysisRunner will not be running.
RoslynAnalysisRunner has terminated.
Mono: successfully reloaded assembly
- Completed reload, in  5.504 seconds
Platform modules already initialized, skipping
Refreshing native plugins compatible for Editor in 0.77 ms, found 0 plugins.
Preloading 0 native plugins for Editor in 0.00 ms.
Unloading 1111 Unused Serialized files (Serialized files now loaded: 0)
System memory in use before: 60.5 MB.
System memory in use after: 60.6 MB.

Unloading 5 unused Assets to reduce memory usage. Loaded Objects now: 1643.
Total: 6.851100 ms (FindLiveObjects: 1.041200 ms CreateObjectMapping: 0.220600 ms MarkObjects: 5.358600 ms  DeleteObjects: 0.224500 ms)

========================================================================
Received Import Request.
  Time since last request: 202.865722 seconds.
  path: Assets/Scripts/Rotador.cs
  artifactKey: Guid(85dfc2fae4adc944b80e05a6002c0984) Importer(815301076,1909f56bfc062723c751e8b465ee728b)
Start importing Assets/Scripts/Rotador.cs using Guid(85dfc2fae4adc944b80e05a6002c0984) Importer(815301076,1909f56bfc062723c751e8b465ee728b)  -> (artifact id: 'fb369afa846b88fbedc1ba9b2664d01c') in 0.016771 seconds
  Import took 0.022687 seconds .

========================================================================
Received Prepare
Registering precompiled user dll's ...
Registered in 0.009115 seconds.
Begin MonoManager ReloadAssembly
Native extension for WindowsStandalone target not found
Native extension for WebGL target not found
Refreshing native plugins compatible for Editor in 1.34 ms, found 0 plugins.
Preloading 0 native plugins for Editor in 0.00 ms.
Invoked RoslynAnalysisRunner static constructor.
RoslynAnalysisRunner will not be running.
RoslynAnalysisRunner has terminated.
Mono: successfully reloaded assembly
- Completed reload, in  3.018 seconds
Platform modules already initialized, skipping
Refreshing native plugins compatible for Editor in 0.73 ms, found 0 plugins.
Preloading 0 native plugins for Editor in 0.00 ms.
Unloading 1111 Unused Serialized files (Serialized files now loaded: 0)
System memory in use before: 60.5 MB.
System memory in use after: 60.6 MB.

Unloading 5 unused Assets to reduce memory usage. Loaded Objects now: 1646.
Total: 7.872700 ms (FindLiveObjects: 0.914600 ms CreateObjectMapping: 0.172800 ms MarkObjects: 6.619000 ms  DeleteObjects: 0.160900 ms)

========================================================================
Received Import Request.
  Time since last request: 36.591034 seconds.
  path: Assets/Scripts/Rotador.cs
  artifactKey: Guid(85dfc2fae4adc944b80e05a6002c0984) Importer(815301076,1909f56bfc062723c751e8b465ee728b)
Start importing Assets/Scripts/Rotador.cs using Guid(85dfc2fae4adc944b80e05a6002c0984) Importer(815301076,1909f56bfc062723c751e8b465ee728b)  -> (artifact id: '702a9edc66f0998e55d60b58479ade09') in 0.016530 seconds
  Import took 0.022954 seconds .

========================================================================
Received Prepare
Registering precompiled user dll's ...
Registered in 0.003279 seconds.
Begin MonoManager ReloadAssembly
Native extension for WindowsStandalone target not found
Native extension for WebGL target not found
Refreshing native plugins compatible for Editor in 0.62 ms, found 0 plugins.
Preloading 0 native plugins for Editor in 0.00 ms.
Invoked RoslynAnalysisRunner static constructor.
RoslynAnalysisRunner will not be running.
RoslynAnalysisRunner has terminated.
Mono: successfully reloaded assembly
- Completed reload, in  2.978 seconds
Platform modules already initialized, skipping
Refreshing native plugins compatible for Editor in 0.59 ms, found 0 plugins.
Preloading 0 native plugins for Editor in 0.00 ms.
Unloading 1111 Unused Serialized files (Serialized files now loaded: 0)
System memory in use before: 60.5 MB.
System memory in use after: 60.6 MB.

Unloading 5 unused Assets to reduce memory usage. Loaded Objects now: 1649.
Total: 4.938300 ms (FindLiveObjects: 0.478800 ms CreateObjectMapping: 0.098000 ms MarkObjects: 4.213000 ms  DeleteObjects: 0.145000 ms)

========================================================================
Received Prepare
Registering precompiled user dll's ...
Registered in 0.002710 seconds.
Begin MonoManager ReloadAssembly
Native extension for WindowsStandalone target not found
Native extension for WebGL target not found
Refreshing native plugins compatible for Editor in 1.04 ms, found 0 plugins.
Preloading 0 native plugins for Editor in 0.00 ms.
Invoked RoslynAnalysisRunner static constructor.
RoslynAnalysisRunner will not be running.
RoslynAnalysisRunner has terminated.
Mono: successfully reloaded assembly
- Completed reload, in  3.153 seconds
Platform modules already initialized, skipping
Refreshing native plugins compatible for Editor in 0.63 ms, found 0 plugins.
Preloading 0 native plugins for Editor in 0.00 ms.
Unloading 1111 Unused Serialized files (Serialized files now loaded: 0)
System memory in use before: 60.5 MB.
System memory in use after: 60.6 MB.

Unloading 5 unused Assets to reduce memory usage. Loaded Objects now: 1652.
Total: 5.071500 ms (FindLiveObjects: 0.568700 ms CreateObjectMapping: 0.094300 ms MarkObjects: 4.259700 ms  DeleteObjects: 0.145400 ms)

========================================================================
Received Import Request.
  Time since last request: 197.969495 seconds.
  path: Assets/Material/New Material.mat
  artifactKey: Guid(1320c2cf60989e244b7e66c5aa94bde0) Importer(815301076,1909f56bfc062723c751e8b465ee728b)
Start importing Assets/Material/New Material.mat using Guid(1320c2cf60989e244b7e66c5aa94bde0) Importer(815301076,1909f56bfc062723c751e8b465ee728b)  -> (artifact id: 'd05b3f15e945fd50f0ccfc0b075f1bae') in 0.239357 seconds
  Import took 0.245745 seconds .

========================================================================
Received Import Request.
  Time since last request: 361.857920 seconds.
  path: Assets/Scripts/ControladorJugador.cs
  artifactKey: Guid(838ff2164c119f949b3880e18a118b5e) Importer(815301076,1909f56bfc062723c751e8b465ee728b)
Start importing Assets/Scripts/ControladorJugador.cs using Guid(838ff2164c119f949b3880e18a118b5e) Importer(815301076,1909f56bfc062723c751e8b465ee728b)  -> (artifact id: '965a83f1cf56931e6c724ffaef1f361d') in 0.011811 seconds
  Import took 0.294158 seconds .

========================================================================
Received Prepare
Registering precompiled user dll's ...
Registered in 0.004439 seconds.
Begin MonoManager ReloadAssembly
Native extension for WindowsStandalone target not found
Native extension for WebGL target not found
Refreshing native plugins compatible for Editor in 0.67 ms, found 0 plugins.
Preloading 0 native plugins for Editor in 0.00 ms.
Invoked RoslynAnalysisRunner static constructor.
RoslynAnalysisRunner will not be running.
RoslynAnalysisRunner has terminated.
Mono: successfully reloaded assembly
- Completed reload, in  3.021 seconds
Platform modules already initialized, skipping
Refreshing native plugins compatible for Editor in 0.65 ms, found 0 plugins.
Preloading 0 native plugins for Editor in 0.00 ms.
Unloading 1111 Unused Serialized files (Serialized files now loaded: 0)
System memory in use before: 60.5 MB.
System memory in use after: 60.6 MB.

Unloading 5 unused Assets to reduce memory usage. Loaded Objects now: 1656.
Total: 6.384400 ms (FindLiveObjects: 0.947400 ms CreateObjectMapping: 0.215500 ms MarkObjects: 5.066500 ms  DeleteObjects: 0.148400 ms)

========================================================================
Received Import Request.
  Time since last request: 222.142716 seconds.
  path: Assets/Scripts/ControladorJugador.cs
  artifactKey: Guid(838ff2164c119f949b3880e18a118b5e) Importer(815301076,1909f56bfc062723c751e8b465ee728b)
Start importing Assets/Scripts/ControladorJugador.cs using Guid(838ff2164c119f949b3880e18a118b5e) Importer(815301076,1909f56bfc062723c751e8b465ee728b)  -> (artifact id: '0e7c4630e1528eb83c6ab87f65782049') in 0.015477 seconds
  Import took 0.021454 seconds .

========================================================================
Received Prepare
Registering precompiled user dll's ...
Registered in 0.003534 seconds.
Begin MonoManager ReloadAssembly
Native extension for WindowsStandalone target not found
Native extension for WebGL target not found
Refreshing native plugins compatible for Editor in 0.62 ms, found 0 plugins.
Preloading 0 native plugins for Editor in 0.00 ms.
Invoked RoslynAnalysisRunner static constructor.
RoslynAnalysisRunner will not be running.
RoslynAnalysisRunner has terminated.
Mono: successfully reloaded assembly
- Completed reload, in  2.782 seconds
Platform modules already initialized, skipping
Refreshing native plugins compatible for Editor in 0.59 ms, found 0 plugins.
Preloading 0 native plugins for Editor in 0.00 ms.
Unloading 1111 Unused Serialized files (Serialized files now loaded: 0)
System memory in use before: 60.5 MB.
System memory in use after: 60.6 MB.

Unloading 5 unused Assets to reduce memory usage. Loaded Objects now: 1659.
Total: 6.122400 ms (FindLiveObjects: 0.513200 ms CreateObjectMapping: 0.107100 ms MarkObjects: 5.338700 ms  DeleteObjects: 0.157500 ms)

========================================================================
Received Import Request.
  Time since last request: 465.693394 seconds.
  path: Assets/Material/Piso.mat
  artifactKey: Guid(ad1d63425f9e32744bd0da255dc13885) Importer(815301076,1909f56bfc062723c751e8b465ee728b)
Start importing Assets/Material/Piso.mat using Guid(ad1d63425f9e32744bd0da255dc13885) Importer(815301076,1909f56bfc062723c751e8b465ee728b)  -> (artifact id: '5ecdcef4503ee02d7c6b2b136e0cba67') in 0.236161 seconds
  Import took 0.241617 seconds .

========================================================================
Received Import Request.
  Time since last request: 90.810112 seconds.
  path: Assets/Material/madera.jpg
  artifactKey: Guid(87fa5fb21d392344898981c32811db32) Importer(815301076,1909f56bfc062723c751e8b465ee728b)
Start importing Assets/Material/madera.jpg using Guid(87fa5fb21d392344898981c32811db32) Importer(815301076,1909f56bfc062723c751e8b465ee728b)  -> (artifact id: '76678788564eb25f4a79f6693c74f0d5') in 0.092794 seconds
  Import took 0.100524 seconds .

========================================================================
Received Import Request.
  Time since last request: 650.458327 seconds.
  path: Assets/Material/pared.jfif
  artifactKey: Guid(7f837a333d709254a90dae1de4a90a79) Importer(815301076,1909f56bfc062723c751e8b465ee728b)
Start importing Assets/Material/pared.jfif using Guid(7f837a333d709254a90dae1de4a90a79) Importer(815301076,1909f56bfc062723c751e8b465ee728b)  -> (artifact id: '47958d8115d6725084785acaa80cc344') in 0.020293 seconds
  Import took 0.028512 seconds .

========================================================================
Received Import Request.
  Time since last request: 0.003480 seconds.
  path: Assets/Material/pared.jfif
  artifactKey: Guid(7f837a333d709254a90dae1de4a90a79) Importer(815301076,1909f56bfc062723c751e8b465ee728b)
Start importing Assets/Material/pared.jfif using Guid(7f837a333d709254a90dae1de4a90a79) Importer(815301076,1909f56bfc062723c751e8b465ee728b)  -> (artifact id: '47958d8115d6725084785acaa80cc344') in 0.017254 seconds
  Import took 0.024259 seconds .

========================================================================
Received Import Request.
  Time since last request: 13.462756 seconds.
  path: Assets/Material/Pared.mat
  artifactKey: Guid(da21cbdc9b8283347a85f30a35b64291) Importer(815301076,1909f56bfc062723c751e8b465ee728b)
Start importing Assets/Material/Pared.mat using Guid(da21cbdc9b8283347a85f30a35b64291) Importer(815301076,1909f56bfc062723c751e8b465ee728b)  -> (artifact id: 'ea974e47a117077628e85cd0dc5d70cc') in 0.059184 seconds
  Import took 0.074269 seconds .

========================================================================
Received Import Request.
  Time since last request: 14.549940 seconds.
  path: Assets/Material/pared2.jfif
  artifactKey: Guid(aca87ec18300657439d2deabfbd90c5b) Importer(815301076,1909f56bfc062723c751e8b465ee728b)
Start importing Assets/Material/pared2.jfif using Guid(aca87ec18300657439d2deabfbd90c5b) Importer(815301076,1909f56bfc062723c751e8b465ee728b)  -> (artifact id: '36bc3ba78b01dbd5b6f3eae00f0a65a4') in 0.038197 seconds
  Import took 0.047872 seconds .

========================================================================
Received Import Request.
  Time since last request: 41.993177 seconds.
  path: Assets/Material/pared3.jpg
  artifactKey: Guid(8dd01f20938ae0a42b8c385da7a90722) Importer(815301076,1909f56bfc062723c751e8b465ee728b)
Start importing Assets/Material/pared3.jpg using Guid(8dd01f20938ae0a42b8c385da7a90722) Importer(815301076,1909f56bfc062723c751e8b465ee728b)  -> (artifact id: '293202e5dd41fc4e0f1148966110739f') in 0.050351 seconds
  Import took 0.057604 seconds .

========================================================================
Received Import Request.
  Time since last request: 0.018234 seconds.
  path: Assets/Material/pared3.jpg
  artifactKey: Guid(8dd01f20938ae0a42b8c385da7a90722) Importer(815301076,1909f56bfc062723c751e8b465ee728b)
Start importing Assets/Material/pared3.jpg using Guid(8dd01f20938ae0a42b8c385da7a90722) Importer(815301076,1909f56bfc062723c751e8b465ee728b)  -> (artifact id: '293202e5dd41fc4e0f1148966110739f') in 0.060082 seconds
  Import took 0.073014 seconds .

========================================================================
Received Prepare
Registering precompiled user dll's ...
Registered in 0.021009 seconds.
Begin MonoManager ReloadAssembly
Native extension for WindowsStandalone target not found
Native extension for WebGL target not found
Refreshing native plugins compatible for Editor in 1.08 ms, found 0 plugins.
Preloading 0 native plugins for Editor in 0.00 ms.
Invoked RoslynAnalysisRunner static constructor.
RoslynAnalysisRunner will not be running.
RoslynAnalysisRunner has terminated.
Mono: successfully reloaded assembly
- Completed reload, in  5.413 seconds
Platform modules already initialized, skipping
Refreshing native plugins compatible for Editor in 1.05 ms, found 0 plugins.
Preloading 0 native plugins for Editor in 0.00 ms.
Unloading 1111 Unused Serialized files (Serialized files now loaded: 0)
System memory in use before: 60.5 MB.
System memory in use after: 60.6 MB.

Unloading 5 unused Assets to reduce memory usage. Loaded Objects now: 1665.
Total: 7.827400 ms (FindLiveObjects: 0.658800 ms CreateObjectMapping: 0.144900 ms MarkObjects: 6.331600 ms  DeleteObjects: 0.683500 ms)

========================================================================
Received Import Request.
  Time since last request: 503.873775 seconds.
  path: Assets/Material/cristal.jpg
  artifactKey: Guid(373ce8f014d37d540993a907b14c545d) Importer(815301076,1909f56bfc062723c751e8b465ee728b)
Start importing Assets/Material/cristal.jpg using Guid(373ce8f014d37d540993a907b14c545d) Importer(815301076,1909f56bfc062723c751e8b465ee728b)  -> (artifact id: '787d46422941805a6d6503b3e85c87d4') in 0.526352 seconds
  Import took 0.542570 seconds .

========================================================================
Received Prepare
Registering precompiled user dll's ...
Registered in 0.003266 seconds.
Begin MonoManager ReloadAssembly
Native extension for WindowsStandalone target not found
Native extension for WebGL target not found
Refreshing native plugins compatible for Editor in 0.67 ms, found 0 plugins.
Preloading 0 native plugins for Editor in 0.00 ms.
Invoked RoslynAnalysisRunner static constructor.
RoslynAnalysisRunner will not be running.
RoslynAnalysisRunner has terminated.
Mono: successfully reloaded assembly
- Completed reload, in  3.273 seconds
Platform modules already initialized, skipping
Refreshing native plugins compatible for Editor in 0.61 ms, found 0 plugins.
Preloading 0 native plugins for Editor in 0.00 ms.
Unloading 1111 Unused Serialized files (Serialized files now loaded: 0)
System memory in use before: 60.5 MB.
System memory in use after: 60.6 MB.

Unloading 5 unused Assets to reduce memory usage. Loaded Objects now: 1668.
Total: 5.474100 ms (FindLiveObjects: 0.488800 ms CreateObjectMapping: 0.103100 ms MarkObjects: 4.724100 ms  DeleteObjects: 0.154000 ms)

========================================================================
Received Import Request.
  Time since last request: 531.103939 seconds.
  path: Assets/Scripts/Rotador.cs
  artifactKey: Guid(85dfc2fae4adc944b80e05a6002c0984) Importer(815301076,1909f56bfc062723c751e8b465ee728b)
Start importing Assets/Scripts/Rotador.cs using Guid(85dfc2fae4adc944b80e05a6002c0984) Importer(815301076,1909f56bfc062723c751e8b465ee728b)  -> (artifact id: 'a407a88247298516472fa8cff5363fd0') in 0.020743 seconds
  Import took 0.028257 seconds .

========================================================================
Received Import Request.
  Time since last request: 0.001812 seconds.
  path: Assets/Scripts/Rotador.cs
  artifactKey: Guid(85dfc2fae4adc944b80e05a6002c0984) Importer(815301076,1909f56bfc062723c751e8b465ee728b)
Start importing Assets/Scripts/Rotador.cs using Guid(85dfc2fae4adc944b80e05a6002c0984) Importer(815301076,1909f56bfc062723c751e8b465ee728b)  -> (artifact id: 'a407a88247298516472fa8cff5363fd0') in 0.015038 seconds
  Import took 0.024186 seconds .

========================================================================
Received Prepare
Registering precompiled user dll's ...
Registered in 0.010953 seconds.
Begin MonoManager ReloadAssembly
Native extension for WindowsStandalone target not found
Native extension for WebGL target not found
Refreshing native plugins compatible for Editor in 1.13 ms, found 0 plugins.
Preloading 0 native plugins for Editor in 0.00 ms.
Invoked RoslynAnalysisRunner static constructor.
RoslynAnalysisRunner will not be running.
RoslynAnalysisRunner has terminated.
Mono: successfully reloaded assembly
- Completed reload, in  3.803 seconds
Platform modules already initialized, skipping
Refreshing native plugins compatible for Editor in 0.73 ms, found 0 plugins.
Preloading 0 native plugins for Editor in 0.00 ms.
Unloading 1111 Unused Serialized files (Serialized files now loaded: 0)
System memory in use before: 60.5 MB.
System memory in use after: 60.6 MB.

Unloading 5 unused Assets to reduce memory usage. Loaded Objects now: 1671.
Total: 6.725600 ms (FindLiveObjects: 0.653000 ms CreateObjectMapping: 0.135600 ms MarkObjects: 5.764600 ms  DeleteObjects: 0.168100 ms)

========================================================================
Received Import Request.
  Time since last request: 28.847069 seconds.
  path: Assets/Scripts/Rotador.cs
  artifactKey: Guid(85dfc2fae4adc944b80e05a6002c0984) Importer(815301076,1909f56bfc062723c751e8b465ee728b)
Start importing Assets/Scripts/Rotador.cs using Guid(85dfc2fae4adc944b80e05a6002c0984) Importer(815301076,1909f56bfc062723c751e8b465ee728b)  -> (artifact id: '7a6f3270750112d22704abac1b32630e') in 0.014617 seconds
  Import took 0.020607 seconds .

========================================================================
Received Import Request.
  Time since last request: 4.509554 seconds.
  path: Assets/Scripts/Rotador.cs
  artifactKey: Guid(85dfc2fae4adc944b80e05a6002c0984) Importer(815301076,1909f56bfc062723c751e8b465ee728b)
Start importing Assets/Scripts/Rotador.cs using Guid(85dfc2fae4adc944b80e05a6002c0984) Importer(815301076,1909f56bfc062723c751e8b465ee728b)  -> (artifact id: '7a6f3270750112d22704abac1b32630e') in 0.008952 seconds
  Import took 0.015660 seconds .

========================================================================
Received Prepare
Registering precompiled user dll's ...
Registered in 0.002559 seconds.
Begin MonoManager ReloadAssembly
Native extension for WindowsStandalone target not found
Native extension for WebGL target not found
Refreshing native plugins compatible for Editor in 1.01 ms, found 0 plugins.
Preloading 0 native plugins for Editor in 0.00 ms.
Invoked RoslynAnalysisRunner static constructor.
RoslynAnalysisRunner will not be running.
RoslynAnalysisRunner has terminated.
Mono: successfully reloaded assembly
- Completed reload, in  4.716 seconds
Platform modules already initialized, skipping
Refreshing native plugins compatible for Editor in 0.73 ms, found 0 plugins.
Preloading 0 native plugins for Editor in 0.00 ms.
Unloading 1111 Unused Serialized files (Serialized files now loaded: 0)
System memory in use before: 60.6 MB.
System memory in use after: 60.6 MB.

Unloading 5 unused Assets to reduce memory usage. Loaded Objects now: 1674.
Total: 6.953000 ms (FindLiveObjects: 0.547700 ms CreateObjectMapping: 0.129300 ms MarkObjects: 6.094100 ms  DeleteObjects: 0.176700 ms)

========================================================================
Received Prepare
Registering precompiled user dll's ...
Registered in 0.002541 seconds.
Begin MonoManager ReloadAssembly
Native extension for WindowsStandalone target not found
Native extension for WebGL target not found
Refreshing native plugins compatible for Editor in 0.62 ms, found 0 plugins.
Preloading 0 native plugins for Editor in 0.00 ms.
Invoked RoslynAnalysisRunner static constructor.
RoslynAnalysisRunner will not be running.
RoslynAnalysisRunner has terminated.
Mono: successfully reloaded assembly
- Completed reload, in  3.532 seconds
Platform modules already initialized, skipping
Refreshing native plugins compatible for Editor in 0.61 ms, found 0 plugins.
Preloading 0 native plugins for Editor in 0.00 ms.
Unloading 1111 Unused Serialized files (Serialized files now loaded: 0)
System memory in use before: 60.6 MB.
System memory in use after: 60.6 MB.

Unloading 5 unused Assets to reduce memory usage. Loaded Objects now: 1677.
Total: 5.333400 ms (FindLiveObjects: 0.535300 ms CreateObjectMapping: 0.102500 ms MarkObjects: 4.542000 ms  DeleteObjects: 0.149300 ms)

========================================================================
Received Prepare
Registering precompiled user dll's ...
Registered in 0.002759 seconds.
Begin MonoManager ReloadAssembly
Native extension for WindowsStandalone target not found
Native extension for WebGL target not found
Refreshing native plugins compatible for Editor in 0.63 ms, found 0 plugins.
Preloading 0 native plugins for Editor in 0.00 ms.
Invoked RoslynAnalysisRunner static constructor.
RoslynAnalysisRunner will not be running.
RoslynAnalysisRunner has terminated.
Mono: successfully reloaded assembly
- Completed reload, in  2.720 seconds
Platform modules already initialized, skipping
Refreshing native plugins compatible for Editor in 0.60 ms, found 0 plugins.
Preloading 0 native plugins for Editor in 0.00 ms.
Unloading 1111 Unused Serialized files (Serialized files now loaded: 0)
System memory in use before: 60.6 MB.
System memory in use after: 60.6 MB.

Unloading 5 unused Assets to reduce memory usage. Loaded Objects now: 1680.
Total: 6.340200 ms (FindLiveObjects: 0.566600 ms CreateObjectMapping: 0.104300 ms MarkObjects: 5.518800 ms  DeleteObjects: 0.144700 ms)

========================================================================
Received Prepare
Registering precompiled user dll's ...
Registered in 0.002567 seconds.
Begin MonoManager ReloadAssembly
Native extension for WindowsStandalone target not found
Native extension for WebGL target not found
Refreshing native plugins compatible for Editor in 0.63 ms, found 0 plugins.
Preloading 0 native plugins for Editor in 0.00 ms.
Invoked RoslynAnalysisRunner static constructor.
RoslynAnalysisRunner will not be running.
RoslynAnalysisRunner has terminated.
Mono: successfully reloaded assembly
- Completed reload, in  3.133 seconds
Platform modules already initialized, skipping
Refreshing native plugins compatible for Editor in 0.90 ms, found 0 plugins.
Preloading 0 native plugins for Editor in 0.00 ms.
Unloading 1111 Unused Serialized files (Serialized files now loaded: 0)
System memory in use before: 60.6 MB.
System memory in use after: 60.7 MB.

Unloading 5 unused Assets to reduce memory usage. Loaded Objects now: 1683.
Total: 5.170600 ms (FindLiveObjects: 0.580400 ms CreateObjectMapping: 0.100300 ms MarkObjects: 4.227800 ms  DeleteObjects: 0.257600 ms)

========================================================================
Received Import Request.
  Time since last request: 3859.254562 seconds.
  path: Assets/Material/Boton.mat
  artifactKey: Guid(5460b8fcdcd31aa41b113a6c3e1d7f88) Importer(815301076,1909f56bfc062723c751e8b465ee728b)
Start importing Assets/Material/Boton.mat using Guid(5460b8fcdcd31aa41b113a6c3e1d7f88) Importer(815301076,1909f56bfc062723c751e8b465ee728b)  -> (artifact id: 'a32f5162a4c3b46ec54bd810d5f81a8e') in 0.262988 seconds
  Import took 0.269457 seconds .

========================================================================
Received Import Request.
  Time since last request: 93.049895 seconds.
  path: Assets/Material/Boton.mat
  artifactKey: Guid(5460b8fcdcd31aa41b113a6c3e1d7f88) Importer(815301076,1909f56bfc062723c751e8b465ee728b)
Start importing Assets/Material/Boton.mat using Guid(5460b8fcdcd31aa41b113a6c3e1d7f88) Importer(815301076,1909f56bfc062723c751e8b465ee728b)  -> (artifact id: '95ca0caaf39568cbc3fa00eae3e0a234') in 0.034578 seconds
  Import took 0.041008 seconds .

========================================================================
Received Import Request.
  Time since last request: 0.001066 seconds.
  path: Assets/Material/Pared.mat
  artifactKey: Guid(da21cbdc9b8283347a85f30a35b64291) Importer(815301076,1909f56bfc062723c751e8b465ee728b)
Start importing Assets/Material/Pared.mat using Guid(da21cbdc9b8283347a85f30a35b64291) Importer(815301076,1909f56bfc062723c751e8b465ee728b)  -> (artifact id: '576c8178445a32b51f00a4c858e52214') in 0.075246 seconds
  Import took 0.082144 seconds .

========================================================================
Received Import Request.
  Time since last request: 0.001388 seconds.
  path: Assets/Material/Piso.mat
  artifactKey: Guid(ad1d63425f9e32744bd0da255dc13885) Importer(815301076,1909f56bfc062723c751e8b465ee728b)
Start importing Assets/Material/Piso.mat using Guid(ad1d63425f9e32744bd0da255dc13885) Importer(815301076,1909f56bfc062723c751e8b465ee728b)  -> (artifact id: 'd6617548603c2e81dc80ce69f0642212') in 0.049968 seconds
  Import took 0.058547 seconds .

========================================================================
Received Import Request.
  Time since last request: 0.001051 seconds.
  path: Assets/Material/New Material.mat
  artifactKey: Guid(1320c2cf60989e244b7e66c5aa94bde0) Importer(815301076,1909f56bfc062723c751e8b465ee728b)
Start importing Assets/Material/New Material.mat using Guid(1320c2cf60989e244b7e66c5aa94bde0) Importer(815301076,1909f56bfc062723c751e8b465ee728b)  -> (artifact id: 'dd8d4466f65425e78329d6d758c3080f') in 0.035196 seconds
  Import took 0.042005 seconds .

========================================================================
Received Import Request.
  Time since last request: 0.000855 seconds.
  path: Assets/Material/personaje.mat
  artifactKey: Guid(82fbce0cf78f15a45a3b5f77bffb9c43) Importer(815301076,1909f56bfc062723c751e8b465ee728b)
Start importing Assets/Material/personaje.mat using Guid(82fbce0cf78f15a45a3b5f77bffb9c43) Importer(815301076,1909f56bfc062723c751e8b465ee728b)  -> (artifact id: 'a804e2d419d4bda490b06f238ac17723') in 0.047489 seconds
  Import took 0.055262 seconds .

AssetImportWorkerClient::OnTransportError - code=2 error=End of file
